2025-06-23 03:48:53,148 - __main__ - INFO - Loaded language from environment: en
2025-06-23 03:48:53,149 - __main__ - INFO - Directories setup complete
2025-06-23 03:48:53,182 - __main__ - INFO - HTML file generated: Data\enhanced_voice.html
2025-06-23 03:48:53,183 - __main__ - INFO - SpeechToTextConverter initialized successfully
2025-06-23 03:48:53,183 - __main__ - INFO - Starting continuous speech recognition...
2025-06-23 03:48:53,215 - __main__ - INFO - Status set: Ready
2025-06-23 03:48:53,217 - __main__ - INFO - Waiting for speech input...
2025-06-23 03:48:54,917 - __main__ - INFO - Chrome driver created successfully
2025-06-23 03:48:55,152 - __main__ - INFO - HTML page loaded, starting speech recognition
2025-06-23 03:48:55,332 - __main__ - INFO - Status set: Listening...
2025-06-23 03:48:55,334 - __main__ - INFO - Speech recognition started
2025-06-23 03:49:34,808 - __main__ - INFO - Recognized text: my name is Khan
2025-06-23 03:49:37,151 - __main__ - INFO - Chrome driver closed
2025-06-23 03:49:37,192 - __main__ - INFO - Status set: Processing...
2025-06-23 03:49:37,226 - __main__ - INFO - Status set: Ready
2025-06-23 03:49:37,227 - __main__ - INFO - Waiting for speech input...
2025-06-23 03:49:39,011 - __main__ - INFO - Chrome driver created successfully
2025-06-23 03:49:39,233 - __main__ - INFO - HTML page loaded, starting speech recognition
2025-06-23 03:49:39,435 - __main__ - INFO - Status set: Listening...
2025-06-23 03:49:39,438 - __main__ - INFO - Speech recognition started
2025-06-23 03:49:43,375 - __main__ - INFO - Recognized text: hello my name is Kashi
2025-06-23 03:49:45,703 - __main__ - INFO - Chrome driver closed
2025-06-23 03:49:45,739 - __main__ - INFO - Status set: Processing...
2025-06-23 03:49:45,772 - __main__ - INFO - Status set: Ready
2025-06-23 03:49:45,773 - __main__ - INFO - Waiting for speech input...
2025-06-23 03:49:47,458 - __main__ - INFO - Chrome driver created successfully
2025-06-23 03:49:47,649 - __main__ - INFO - HTML page loaded, starting speech recognition
2025-06-23 03:49:47,830 - __main__ - INFO - Status set: Listening...
2025-06-23 03:49:47,836 - __main__ - INFO - Speech recognition started
2025-06-23 03:49:51,186 - __main__ - INFO - Recognized text: how are you
2025-06-23 03:49:53,534 - __main__ - INFO - Chrome driver closed
2025-06-23 03:49:53,574 - __main__ - INFO - Status set: Processing...
2025-06-23 03:49:53,609 - __main__ - INFO - Status set: Ready
2025-06-23 03:49:53,610 - __main__ - INFO - Waiting for speech input...
2025-06-23 03:49:55,304 - __main__ - INFO - Chrome driver created successfully
2025-06-23 03:49:55,479 - __main__ - INFO - HTML page loaded, starting speech recognition
2025-06-23 03:49:55,662 - __main__ - INFO - Status set: Listening...
2025-06-23 03:49:55,665 - __main__ - INFO - Speech recognition started
